2023-11-27 20:23:58 4820 [Note] InnoDB: Mutexes and rw_locks use Windows interlocked functions
2023-11-27 20:23:58 4820 [Note] InnoDB: Uses event mutexes
2023-11-27 20:23:58 4820 [Note] InnoDB: Compressed tables use zlib 1.2.11
2023-11-27 20:23:58 4820 [Note] InnoDB: Number of pools: 1
2023-11-27 20:23:58 4820 [Note] InnoDB: Using SSE2 crc32 instructions
2023-11-27 20:23:58 4820 [Note] InnoDB: Initializing buffer pool, total size = 384M, instances = 1, chunk size = 128M
2023-11-27 20:23:58 4820 [Note] InnoDB: Completed initialization of buffer pool
2023-11-27 20:23:58 4820 [Note] InnoDB: Highest supported file format is Barracuda.
2023-11-27 20:23:58 4820 [Note] InnoDB: Starting crash recovery from checkpoint LSN=51773847
2023-11-27 20:23:59 4820 [Note] InnoDB: 128 out of 128 rollback segments are active.
2023-11-27 20:23:59 4820 [Note] InnoDB: Removed temporary tablespace data file: "ibtmp1"
2023-11-27 20:23:59 4820 [Note] InnoDB: Creating shared tablespace for temporary tables
2023-11-27 20:23:59 4820 [Note] InnoDB: Setting file '.\ibtmp1' size to 12 MB. Physically writing the file full; Please wait ...
2023-11-27 20:23:59 4820 [Note] InnoDB: File '.\ibtmp1' size is now 12 MB.
2023-11-27 20:23:59 4820 [Note] InnoDB: Waiting for purge to start
2023-11-27 20:23:59 4820 [Note] InnoDB: 5.7.33 started; log sequence number 51773856
2023-11-27 20:23:59 10868 [Note] InnoDB: Loading buffer pool(s) from c:\atlantida\mariadb-10.2.37-win32\data\ib_buffer_pool
2023-11-27 20:23:59 10868 [Note] InnoDB: Buffer pool(s) load completed at 231127 20:23:59
2023-11-27 20:23:59 4820 [Note] Plugin 'FEEDBACK' is disabled.
2023-11-27 20:23:59 4820 [Note] Server socket created on IP: '::'.
2023-11-27 20:23:59 4820 [Note] Reading of all Master_info entries succeeded
2023-11-27 20:23:59 4820 [Note] Added new Master_info '' to hash table
2023-11-27 20:23:59 4820 [Note] C:\atlantida\mariadb-10.2.37-win32\bin\mysqld.exe: ready for connections.
Version: '10.2.37-MariaDB'  socket: ''  port: 8189  mariadb.org binary distribution
